STARTHEADER
CHKLEFT 0x106A
CHKRIGHT 0x1084
CLEARBYTE 0x1020
CLEARMEM 0x1018
CONWAY 0x1050
CONWAYLOOP 0x10B6
COPYBYTE 0x1040
COPYSCREEN 0x1030
EVALUATE 0x109E
INC0103 0x10C2
LEFTCELLS 0x1075
ONECELL 0x105E
ONLYINC01 0x10CC
RANDFILL 0x1000
RANDLOOP 0x1006
RIGHTCELLS 0x108F
STARTTICK 0x1030
STOREX 0x10B1
ENDHEADER

86 01 A2 02 86 02 A5 FE 29 01 91 01 20 10 C2 10 C9 00 F5 F5 A5 02 C9 06 EF EF A9 DF 85 01 A9 07 85 02 A9 00 
91 01 20 10 C2 10 C9 F7 D0 F7 A5 02 C9 F1 D0 F1 A9 00 85 01 85 03 A9 02 85 02 A9 08 85 04 A0 00 B1 01 91 03 
20 10 C2 10 F7 00 D0 F7 A5 02 F1 06 D0 F1 A9 DF 85 01 85 03 A9 01 85 02 A9 07 85 04 A9 00 A0 01 18 71 03 A0 
41 18 71 03 AA A5 01 29 1F A8 8A 1B 1F F0 1B A0 00 18 71 03 A0 20 18 71 03 A0 40 18 71 03 AA A5 01 29 1F A8 
8A 10 1E F0 10 A0 02 18 71 03 A0 22 18 71 03 A0 42 18 71 03 A2 01 A0 21 0C 03 F0 0C A2 00 06 02 D0 06 B1 03 
29 01 AA 8A 91 01 20 10 C2 A5 C9 E0 D0 A5 A5 9F C9 05 D0 9F 4C 10 30 10 05 01 C9 FF D0 05 E6 02 E6 04 E6 01 
A5 01 85 03 60 
